<?xml version="1.0" encoding="UTF-8"?>
<!-- Generated by org.testng.reporters.JUnitReportReporter -->
<testsuite hostname="LAPTOP-93L7FD0E" failures="0" tests="1" name="sample.Sample1" time="0.013" errors="0" timestamp="2024-08-28T14:10:50 IST" skipped="0">
  <testcase classname="sample.Sample1" name="createUser" time="0.013"/>
  <system-out/>
</testsuite> <!-- sample.Sample1 -->
