<?xml version="1.0" encoding="UTF-8"?>
<!-- Generated by org.testng.reporters.JUnitReportReporter -->
<testsuite hostname="LAPTOP-93L7FD0E" failures="0" tests="1" name="tc_Repositary.Org_03" time="23.585" errors="0" timestamp="2024-09-02T11:58:10 IST" skipped="0">
  <testcase classname="tc_Repositary.Org_03" name="org_03Case" time="23.585"/>
  <system-out/>
</testsuite> <!-- tc_Repositary.Org_03 -->
